<?xml version="1.0" encoding="UTF-8"?>
<!-- Generated by org.testng.reporters.JUnitReportReporter -->
<testsuite hostname="LAPTOP-5OHLK4IV" failures="0" tests="1" name="seleniumjenkins.Seleniumtest1" time="11.328" errors="0" timestamp="2023-10-13T07:42:46 IST" skipped="0">
  <testcase classname="seleniumjenkins.Seleniumtest1" name="method1" time="11.328"/>
  <system-out/>
</testsuite> <!-- seleniumjenkins.Seleniumtest1 -->
